[     330ms] [ERROR] The Content Security Policy directive 'upgrade-insecure-requests' is ignored when delivered in a report-only policy. @ https://business.facebook.com/business/help/327596604689624:0
[    4250ms] [INFO] Loading the image 'http://static.xx.fbcdn.net/mci_ab/public/cms/?ab_b=e&ab_page=CMS&ab_entry=369852008357062&version=1772635031' violates the following Content Security Policy directive: "img-src data: blob: 'self' *.fbcdn.net *.facebook.com *.fbsbx.com *.cdninstagram.com connect.facebook.net". The policy is report-only, so the violation has been logged but no further action has been taken. @ https://business.facebook.com/business/help/327596604689624:0
[    5267ms] [ERROR] ErrorUtils caught an error:

<Surface> is used without AutoLogging initialization

Subsequent non-fatal errors won't be logged; see https://fburl.com/debugjs. {column: 17870, clientTime: 1779547921, extra: Object, guardList: Array(2), hash: crdtgk} @ https://static.xx.fbcdn.net/rsrc.php/v4/yf/r/3eZiCoyW1Mb.js:77
[    6795ms] [LOG] 
%cانتبه! font-family:helvetica; font-size:20px; font-size:50px; font-weight:bold; color:red; -webkit-text-stroke:1px black; @ :0
[    6796ms] [LOG] 
%cميزة المتصفح هذه موجهة للمطورين. إذا طلب منك شخص ما نسخ ولصق أي شيء هنا لتمكين ميزة على فيسبوك أو "اختراق" حساب شخص آخر، فإن هذه محاولة احتيالية وستتيح له الوصول إلى حساب فيسبوك الخاص بك. font-family:helvetica; font-size:20px;  @ :0
[    6796ms] [LOG] 
%cيمكنك الاطلاع على https://www.facebook.com/selfxss للحصول على مزيد من المعلومات. font-family:helvetica; font-size:20px;  @ :0
[    6803ms] [LOG] 
%c  @ :0
[    7236ms] [ERROR] ErrorUtils caught an error:

Tried to get element with id of "support_form_276328872220907_hidden_fields" but it is not present on the page [Caught in: Module "__inst_d591f39f_0_0_kx"]

Subsequent non-fatal errors won't be logged; see https://fburl.com/debugjs. {column: 149, clientTime: 1779547923, extra: Object, guardList: Array(2), hash: 3x2lcv} @ https://static.xx.fbcdn.net/rsrc.php/v4/yf/r/3eZiCoyW1Mb.js:77
[    9573ms] [INFO] Loading the image 'http://static.xx.fbcdn.net/mci_ab/public/cms/?ab_b=e&ab_page=CMS&ab_entry=419164624329610&version=1716503427' violates the following Content Security Policy directive: "img-src data: blob: 'self' *.fbcdn.net *.facebook.com *.fbsbx.com *.cdninstagram.com connect.facebook.net". The policy is report-only, so the violation has been logged but no further action has been taken. @ https://business.facebook.com/business/help/327596604689624?id=2190812977867143:0
[   11542ms] [ERROR] ErrorUtils caught an error:

JS::requireModule("__inst_d591f39f_0_0_kx") did not fire because it has missing dependencies.
__inst_d591f39f_0_0_kx is ready
__requireModule____inst_d591f39f_0_0_kx__204 is not defined

Subsequent non-fatal errors won't be logged; see https://fburl.com/debugjs. {column: 180, clientTime: 1779547928, extra: Object, guardList: Array(6), hash: q2ke3o} @ https://static.xx.fbcdn.net/rsrc.php/v4/yf/r/3eZiCoyW1Mb.js:77
