[     597ms] [INFO] 
    _____
 ___ |[]|_n__n_I_c
|___||__|###|____}
 O-O--O-O+++--O-O
****************************************
*                                      *
*           Enjoying Railway?          *
*                                      *
*         Want to ride with us?        *
*                                      *
*              Hop aboard,             *
*   the train is leaving the station!  *
*                                      *
*      https://railway.com/careers     *
*                                      *
****************************************
 @ https://railway.com/assets/main-CqMO1xP1.js:64
[     597ms] [INFO] 
    _____
 ___ |[]|_n__n_I_c
|___||__|###|____}
 O-O--O-O+++--O-O
****************************************
*                                      *
*           Enjoying Railway?          *
*                                      *
*         Want to ride with us?        *
*                                      *
*              Hop aboard,             *
*   the train is leaving the station!  *
*                                      *
*      https://railway.com/careers     *
*                                      *
****************************************
 @ https://railway.com/assets/main-CqMO1xP1.js:102
[     961ms] Error: Minified React error #418; visit https://reactjs.org/docs/error-decoder.html?invariant=418 for the full message or use the non-minified dev environment for full errors and additional helpful warnings.
    at Va (https://railway.com/assets/react-dom-CWIgXKDx.js:6:4758)
    at Wl (https://railway.com/assets/react-dom-CWIgXKDx.js:8:45043)
    at Pl (https://railway.com/assets/react-dom-CWIgXKDx.js:8:39294)
    at Nl (https://railway.com/assets/react-dom-CWIgXKDx.js:8:39267)
    at vl (https://railway.com/assets/react-dom-CWIgXKDx.js:8:34357)
    at te (https://railway.com/assets/react-dom-CWIgXKDx.js:1:1616)
    at MessagePort.se (https://railway.com/assets/react-dom-CWIgXKDx.js:1:1986)
[     962ms] Error: Minified React error #418; visit https://reactjs.org/docs/error-decoder.html?invariant=418 for the full message or use the non-minified dev environment for full errors and additional helpful warnings.
    at Va (https://railway.com/assets/react-dom-CWIgXKDx.js:6:4758)
    at Wl (https://railway.com/assets/react-dom-CWIgXKDx.js:8:45043)
    at Pl (https://railway.com/assets/react-dom-CWIgXKDx.js:8:39294)
    at Nl (https://railway.com/assets/react-dom-CWIgXKDx.js:8:39267)
    at vl (https://railway.com/assets/react-dom-CWIgXKDx.js:8:34357)
    at te (https://railway.com/assets/react-dom-CWIgXKDx.js:1:1616)
    at MessagePort.se (https://railway.com/assets/react-dom-CWIgXKDx.js:1:1986)
[     963ms] Error: Minified React error #418; visit https://reactjs.org/docs/error-decoder.html?invariant=418 for the full message or use the non-minified dev environment for full errors and additional helpful warnings.
    at Va (https://railway.com/assets/react-dom-CWIgXKDx.js:6:4758)
    at Wl (https://railway.com/assets/react-dom-CWIgXKDx.js:8:45043)
    at Pl (https://railway.com/assets/react-dom-CWIgXKDx.js:8:39294)
    at Nl (https://railway.com/assets/react-dom-CWIgXKDx.js:8:39267)
    at vl (https://railway.com/assets/react-dom-CWIgXKDx.js:8:34357)
    at te (https://railway.com/assets/react-dom-CWIgXKDx.js:1:1616)
    at MessagePort.se (https://railway.com/assets/react-dom-CWIgXKDx.js:1:1986)
[     963ms] Error: Minified React error #418; visit https://reactjs.org/docs/error-decoder.html?invariant=418 for the full message or use the non-minified dev environment for full errors and additional helpful warnings.
    at Va (https://railway.com/assets/react-dom-CWIgXKDx.js:6:4758)
    at Wl (https://railway.com/assets/react-dom-CWIgXKDx.js:8:45043)
    at Pl (https://railway.com/assets/react-dom-CWIgXKDx.js:8:39294)
    at Nl (https://railway.com/assets/react-dom-CWIgXKDx.js:8:39267)
    at vl (https://railway.com/assets/react-dom-CWIgXKDx.js:8:34357)
    at te (https://railway.com/assets/react-dom-CWIgXKDx.js:1:1616)
    at MessagePort.se (https://railway.com/assets/react-dom-CWIgXKDx.js:1:1986)
[     963ms] Error: Minified React error #418; visit https://reactjs.org/docs/error-decoder.html?invariant=418 for the full message or use the non-minified dev environment for full errors and additional helpful warnings.
    at Va (https://railway.com/assets/react-dom-CWIgXKDx.js:6:4758)
    at Wl (https://railway.com/assets/react-dom-CWIgXKDx.js:8:45043)
    at Pl (https://railway.com/assets/react-dom-CWIgXKDx.js:8:39294)
    at Nl (https://railway.com/assets/react-dom-CWIgXKDx.js:8:39267)
    at vl (https://railway.com/assets/react-dom-CWIgXKDx.js:8:34357)
    at te (https://railway.com/assets/react-dom-CWIgXKDx.js:1:1616)
    at MessagePort.se (https://railway.com/assets/react-dom-CWIgXKDx.js:1:1986)
[     964ms] Error: Minified React error #418; visit https://reactjs.org/docs/error-decoder.html?invariant=418 for the full message or use the non-minified dev environment for full errors and additional helpful warnings.
    at Va (https://railway.com/assets/react-dom-CWIgXKDx.js:6:4758)
    at Wl (https://railway.com/assets/react-dom-CWIgXKDx.js:8:45043)
    at Pl (https://railway.com/assets/react-dom-CWIgXKDx.js:8:39294)
    at Nl (https://railway.com/assets/react-dom-CWIgXKDx.js:8:39267)
    at vl (https://railway.com/assets/react-dom-CWIgXKDx.js:8:34357)
    at te (https://railway.com/assets/react-dom-CWIgXKDx.js:1:1616)
    at MessagePort.se (https://railway.com/assets/react-dom-CWIgXKDx.js:1:1986)
[     964ms] Error: Minified React error #418; visit https://reactjs.org/docs/error-decoder.html?invariant=418 for the full message or use the non-minified dev environment for full errors and additional helpful warnings.
    at Va (https://railway.com/assets/react-dom-CWIgXKDx.js:6:4758)
    at Wl (https://railway.com/assets/react-dom-CWIgXKDx.js:8:45043)
    at Pl (https://railway.com/assets/react-dom-CWIgXKDx.js:8:39294)
    at Nl (https://railway.com/assets/react-dom-CWIgXKDx.js:8:39267)
    at vl (https://railway.com/assets/react-dom-CWIgXKDx.js:8:34357)
    at te (https://railway.com/assets/react-dom-CWIgXKDx.js:1:1616)
    at MessagePort.se (https://railway.com/assets/react-dom-CWIgXKDx.js:1:1986)
[     965ms] Error: Minified React error #418; visit https://reactjs.org/docs/error-decoder.html?invariant=418 for the full message or use the non-minified dev environment for full errors and additional helpful warnings.
    at Va (https://railway.com/assets/react-dom-CWIgXKDx.js:6:4758)
    at Wl (https://railway.com/assets/react-dom-CWIgXKDx.js:8:45043)
    at Pl (https://railway.com/assets/react-dom-CWIgXKDx.js:8:39294)
    at Nl (https://railway.com/assets/react-dom-CWIgXKDx.js:8:39267)
    at vl (https://railway.com/assets/react-dom-CWIgXKDx.js:8:34357)
    at te (https://railway.com/assets/react-dom-CWIgXKDx.js:1:1616)
    at MessagePort.se (https://railway.com/assets/react-dom-CWIgXKDx.js:1:1986)
[     966ms] Error: Minified React error #418; visit https://reactjs.org/docs/error-decoder.html?invariant=418 for the full message or use the non-minified dev environment for full errors and additional helpful warnings.
    at Va (https://railway.com/assets/react-dom-CWIgXKDx.js:6:4758)
    at Wl (https://railway.com/assets/react-dom-CWIgXKDx.js:8:45043)
    at Pl (https://railway.com/assets/react-dom-CWIgXKDx.js:8:39294)
    at Nl (https://railway.com/assets/react-dom-CWIgXKDx.js:8:39267)
    at vl (https://railway.com/assets/react-dom-CWIgXKDx.js:8:34357)
    at te (https://railway.com/assets/react-dom-CWIgXKDx.js:1:1616)
    at MessagePort.se (https://railway.com/assets/react-dom-CWIgXKDx.js:1:1986)
[     966ms] Error: Minified React error #418; visit https://reactjs.org/docs/error-decoder.html?invariant=418 for the full message or use the non-minified dev environment for full errors and additional helpful warnings.
    at Va (https://railway.com/assets/react-dom-CWIgXKDx.js:6:4758)
    at Wl (https://railway.com/assets/react-dom-CWIgXKDx.js:8:45043)
    at Pl (https://railway.com/assets/react-dom-CWIgXKDx.js:8:39294)
    at Nl (https://railway.com/assets/react-dom-CWIgXKDx.js:8:39267)
    at vl (https://railway.com/assets/react-dom-CWIgXKDx.js:8:34357)
    at te (https://railway.com/assets/react-dom-CWIgXKDx.js:1:1616)
    at MessagePort.se (https://railway.com/assets/react-dom-CWIgXKDx.js:1:1986)
[     967ms] Error: Minified React error #418; visit https://reactjs.org/docs/error-decoder.html?invariant=418 for the full message or use the non-minified dev environment for full errors and additional helpful warnings.
    at Va (https://railway.com/assets/react-dom-CWIgXKDx.js:6:4758)
    at Wl (https://railway.com/assets/react-dom-CWIgXKDx.js:8:45043)
    at Pl (https://railway.com/assets/react-dom-CWIgXKDx.js:8:39294)
    at Nl (https://railway.com/assets/react-dom-CWIgXKDx.js:8:39267)
    at vl (https://railway.com/assets/react-dom-CWIgXKDx.js:8:34357)
    at te (https://railway.com/assets/react-dom-CWIgXKDx.js:1:1616)
    at MessagePort.se (https://railway.com/assets/react-dom-CWIgXKDx.js:1:1986)
[     968ms] Error: Minified React error #418; visit https://reactjs.org/docs/error-decoder.html?invariant=418 for the full message or use the non-minified dev environment for full errors and additional helpful warnings.
    at Va (https://railway.com/assets/react-dom-CWIgXKDx.js:6:4758)
    at Wl (https://railway.com/assets/react-dom-CWIgXKDx.js:8:45043)
    at Pl (https://railway.com/assets/react-dom-CWIgXKDx.js:8:39294)
    at Nl (https://railway.com/assets/react-dom-CWIgXKDx.js:8:39267)
    at vl (https://railway.com/assets/react-dom-CWIgXKDx.js:8:34357)
    at te (https://railway.com/assets/react-dom-CWIgXKDx.js:1:1616)
    at MessagePort.se (https://railway.com/assets/react-dom-CWIgXKDx.js:1:1986)
[     969ms] Error: Minified React error #418; visit https://reactjs.org/docs/error-decoder.html?invariant=418 for the full message or use the non-minified dev environment for full errors and additional helpful warnings.
    at Va (https://railway.com/assets/react-dom-CWIgXKDx.js:6:4758)
    at Wl (https://railway.com/assets/react-dom-CWIgXKDx.js:8:45043)
    at Pl (https://railway.com/assets/react-dom-CWIgXKDx.js:8:39294)
    at Nl (https://railway.com/assets/react-dom-CWIgXKDx.js:8:39267)
    at vl (https://railway.com/assets/react-dom-CWIgXKDx.js:8:34357)
    at te (https://railway.com/assets/react-dom-CWIgXKDx.js:1:1616)
    at MessagePort.se (https://railway.com/assets/react-dom-CWIgXKDx.js:1:1986)
[     972ms] Error: Minified React error #418; visit https://reactjs.org/docs/error-decoder.html?invariant=418 for the full message or use the non-minified dev environment for full errors and additional helpful warnings.
    at Va (https://railway.com/assets/react-dom-CWIgXKDx.js:6:4758)
    at Wl (https://railway.com/assets/react-dom-CWIgXKDx.js:8:45043)
    at Pl (https://railway.com/assets/react-dom-CWIgXKDx.js:8:39294)
    at Nl (https://railway.com/assets/react-dom-CWIgXKDx.js:8:39267)
    at vl (https://railway.com/assets/react-dom-CWIgXKDx.js:8:34357)
    at te (https://railway.com/assets/react-dom-CWIgXKDx.js:1:1616)
    at MessagePort.se (https://railway.com/assets/react-dom-CWIgXKDx.js:1:1986)
[     972ms] Error: Minified React error #418; visit https://reactjs.org/docs/error-decoder.html?invariant=418 for the full message or use the non-minified dev environment for full errors and additional helpful warnings.
    at Va (https://railway.com/assets/react-dom-CWIgXKDx.js:6:4758)
    at Wl (https://railway.com/assets/react-dom-CWIgXKDx.js:8:45043)
    at Pl (https://railway.com/assets/react-dom-CWIgXKDx.js:8:39294)
    at Nl (https://railway.com/assets/react-dom-CWIgXKDx.js:8:39267)
    at vl (https://railway.com/assets/react-dom-CWIgXKDx.js:8:34357)
    at te (https://railway.com/assets/react-dom-CWIgXKDx.js:1:1616)
    at MessagePort.se (https://railway.com/assets/react-dom-CWIgXKDx.js:1:1986)
[     973ms] Error: Minified React error #418; visit https://reactjs.org/docs/error-decoder.html?invariant=418 for the full message or use the non-minified dev environment for full errors and additional helpful warnings.
    at Va (https://railway.com/assets/react-dom-CWIgXKDx.js:6:4758)
    at Wl (https://railway.com/assets/react-dom-CWIgXKDx.js:8:45043)
    at Pl (https://railway.com/assets/react-dom-CWIgXKDx.js:8:39294)
    at Nl (https://railway.com/assets/react-dom-CWIgXKDx.js:8:39267)
    at vl (https://railway.com/assets/react-dom-CWIgXKDx.js:8:34357)
    at te (https://railway.com/assets/react-dom-CWIgXKDx.js:1:1616)
    at MessagePort.se (https://railway.com/assets/react-dom-CWIgXKDx.js:1:1986)
[     976ms] Error: Minified React error #418; visit https://reactjs.org/docs/error-decoder.html?invariant=418 for the full message or use the non-minified dev environment for full errors and additional helpful warnings.
    at Va (https://railway.com/assets/react-dom-CWIgXKDx.js:6:4758)
    at Wl (https://railway.com/assets/react-dom-CWIgXKDx.js:8:45043)
    at Pl (https://railway.com/assets/react-dom-CWIgXKDx.js:8:39294)
    at Nl (https://railway.com/assets/react-dom-CWIgXKDx.js:8:39267)
    at vl (https://railway.com/assets/react-dom-CWIgXKDx.js:8:34357)
    at te (https://railway.com/assets/react-dom-CWIgXKDx.js:1:1616)
    at MessagePort.se (https://railway.com/assets/react-dom-CWIgXKDx.js:1:1986)
[     976ms] Error: Minified React error #418; visit https://reactjs.org/docs/error-decoder.html?invariant=418 for the full message or use the non-minified dev environment for full errors and additional helpful warnings.
    at Va (https://railway.com/assets/react-dom-CWIgXKDx.js:6:4758)
    at Wl (https://railway.com/assets/react-dom-CWIgXKDx.js:8:45043)
    at Pl (https://railway.com/assets/react-dom-CWIgXKDx.js:8:39294)
    at Nl (https://railway.com/assets/react-dom-CWIgXKDx.js:8:39267)
    at vl (https://railway.com/assets/react-dom-CWIgXKDx.js:8:34357)
    at te (https://railway.com/assets/react-dom-CWIgXKDx.js:1:1616)
    at MessagePort.se (https://railway.com/assets/react-dom-CWIgXKDx.js:1:1986)
[     976ms] Error: Minified React error #418; visit https://reactjs.org/docs/error-decoder.html?invariant=418 for the full message or use the non-minified dev environment for full errors and additional helpful warnings.
    at Va (https://railway.com/assets/react-dom-CWIgXKDx.js:6:4758)
    at Wl (https://railway.com/assets/react-dom-CWIgXKDx.js:8:45043)
    at Pl (https://railway.com/assets/react-dom-CWIgXKDx.js:8:39294)
    at Nl (https://railway.com/assets/react-dom-CWIgXKDx.js:8:39267)
    at vl (https://railway.com/assets/react-dom-CWIgXKDx.js:8:34357)
    at te (https://railway.com/assets/react-dom-CWIgXKDx.js:1:1616)
    at MessagePort.se (https://railway.com/assets/react-dom-CWIgXKDx.js:1:1986)
[     977ms] Error: Minified React error #418; visit https://reactjs.org/docs/error-decoder.html?invariant=418 for the full message or use the non-minified dev environment for full errors and additional helpful warnings.
    at Va (https://railway.com/assets/react-dom-CWIgXKDx.js:6:4758)
    at Wl (https://railway.com/assets/react-dom-CWIgXKDx.js:8:45043)
    at Pl (https://railway.com/assets/react-dom-CWIgXKDx.js:8:39294)
    at Nl (https://railway.com/assets/react-dom-CWIgXKDx.js:8:39267)
    at vl (https://railway.com/assets/react-dom-CWIgXKDx.js:8:34357)
    at te (https://railway.com/assets/react-dom-CWIgXKDx.js:1:1616)
    at MessagePort.se (https://railway.com/assets/react-dom-CWIgXKDx.js:1:1986)
[     977ms] Error: Minified React error #418; visit https://reactjs.org/docs/error-decoder.html?invariant=418 for the full message or use the non-minified dev environment for full errors and additional helpful warnings.
    at Va (https://railway.com/assets/react-dom-CWIgXKDx.js:6:4758)
    at Wl (https://railway.com/assets/react-dom-CWIgXKDx.js:8:45043)
    at Pl (https://railway.com/assets/react-dom-CWIgXKDx.js:8:39294)
    at Nl (https://railway.com/assets/react-dom-CWIgXKDx.js:8:39267)
    at vl (https://railway.com/assets/react-dom-CWIgXKDx.js:8:34357)
    at te (https://railway.com/assets/react-dom-CWIgXKDx.js:1:1616)
    at MessagePort.se (https://railway.com/assets/react-dom-CWIgXKDx.js:1:1986)
[     977ms] Error: Minified React error #418; visit https://reactjs.org/docs/error-decoder.html?invariant=418 for the full message or use the non-minified dev environment for full errors and additional helpful warnings.
    at Va (https://railway.com/assets/react-dom-CWIgXKDx.js:6:4758)
    at Wl (https://railway.com/assets/react-dom-CWIgXKDx.js:8:45043)
    at Pl (https://railway.com/assets/react-dom-CWIgXKDx.js:8:39294)
    at Nl (https://railway.com/assets/react-dom-CWIgXKDx.js:8:39267)
    at vl (https://railway.com/assets/react-dom-CWIgXKDx.js:8:34357)
    at te (https://railway.com/assets/react-dom-CWIgXKDx.js:1:1616)
    at MessagePort.se (https://railway.com/assets/react-dom-CWIgXKDx.js:1:1986)
[     977ms] Error: Minified React error #418; visit https://reactjs.org/docs/error-decoder.html?invariant=418 for the full message or use the non-minified dev environment for full errors and additional helpful warnings.
    at Va (https://railway.com/assets/react-dom-CWIgXKDx.js:6:4758)
    at Wl (https://railway.com/assets/react-dom-CWIgXKDx.js:8:45043)
    at Pl (https://railway.com/assets/react-dom-CWIgXKDx.js:8:39294)
    at Nl (https://railway.com/assets/react-dom-CWIgXKDx.js:8:39267)
    at vl (https://railway.com/assets/react-dom-CWIgXKDx.js:8:34357)
    at te (https://railway.com/assets/react-dom-CWIgXKDx.js:1:1616)
    at MessagePort.se (https://railway.com/assets/react-dom-CWIgXKDx.js:1:1986)
[     979ms] Error: Minified React error #418; visit https://reactjs.org/docs/error-decoder.html?invariant=418 for the full message or use the non-minified dev environment for full errors and additional helpful warnings.
    at Va (https://railway.com/assets/react-dom-CWIgXKDx.js:6:4758)
    at Wl (https://railway.com/assets/react-dom-CWIgXKDx.js:8:45043)
    at Pl (https://railway.com/assets/react-dom-CWIgXKDx.js:8:39294)
    at Nl (https://railway.com/assets/react-dom-CWIgXKDx.js:8:39267)
    at vl (https://railway.com/assets/react-dom-CWIgXKDx.js:8:34357)
    at te (https://railway.com/assets/react-dom-CWIgXKDx.js:1:1616)
    at MessagePort.se (https://railway.com/assets/react-dom-CWIgXKDx.js:1:1986)
[     980ms] Error: Minified React error #418; visit https://reactjs.org/docs/error-decoder.html?invariant=418 for the full message or use the non-minified dev environment for full errors and additional helpful warnings.
    at Va (https://railway.com/assets/react-dom-CWIgXKDx.js:6:4758)
    at Wl (https://railway.com/assets/react-dom-CWIgXKDx.js:8:45043)
    at Pl (https://railway.com/assets/react-dom-CWIgXKDx.js:8:39294)
    at Nl (https://railway.com/assets/react-dom-CWIgXKDx.js:8:39267)
    at vl (https://railway.com/assets/react-dom-CWIgXKDx.js:8:34357)
    at te (https://railway.com/assets/react-dom-CWIgXKDx.js:1:1616)
    at MessagePort.se (https://railway.com/assets/react-dom-CWIgXKDx.js:1:1986)
[     980ms] Error: Minified React error #418; visit https://reactjs.org/docs/error-decoder.html?invariant=418 for the full message or use the non-minified dev environment for full errors and additional helpful warnings.
    at Va (https://railway.com/assets/react-dom-CWIgXKDx.js:6:4758)
    at Wl (https://railway.com/assets/react-dom-CWIgXKDx.js:8:45043)
    at Pl (https://railway.com/assets/react-dom-CWIgXKDx.js:8:39294)
    at Nl (https://railway.com/assets/react-dom-CWIgXKDx.js:8:39267)
    at vl (https://railway.com/assets/react-dom-CWIgXKDx.js:8:34357)
    at te (https://railway.com/assets/react-dom-CWIgXKDx.js:1:1616)
    at MessagePort.se (https://railway.com/assets/react-dom-CWIgXKDx.js:1:1986)
[     980ms] Error: Minified React error #418; visit https://reactjs.org/docs/error-decoder.html?invariant=418 for the full message or use the non-minified dev environment for full errors and additional helpful warnings.
    at Va (https://railway.com/assets/react-dom-CWIgXKDx.js:6:4758)
    at Wl (https://railway.com/assets/react-dom-CWIgXKDx.js:8:45043)
    at Pl (https://railway.com/assets/react-dom-CWIgXKDx.js:8:39294)
    at Nl (https://railway.com/assets/react-dom-CWIgXKDx.js:8:39267)
    at vl (https://railway.com/assets/react-dom-CWIgXKDx.js:8:34357)
    at te (https://railway.com/assets/react-dom-CWIgXKDx.js:1:1616)
    at MessagePort.se (https://railway.com/assets/react-dom-CWIgXKDx.js:1:1986)
[     980ms] Error: Minified React error #418; visit https://reactjs.org/docs/error-decoder.html?invariant=418 for the full message or use the non-minified dev environment for full errors and additional helpful warnings.
    at Va (https://railway.com/assets/react-dom-CWIgXKDx.js:6:4758)
    at Wl (https://railway.com/assets/react-dom-CWIgXKDx.js:8:45043)
    at Pl (https://railway.com/assets/react-dom-CWIgXKDx.js:8:39294)
    at Nl (https://railway.com/assets/react-dom-CWIgXKDx.js:8:39267)
    at vl (https://railway.com/assets/react-dom-CWIgXKDx.js:8:34357)
    at te (https://railway.com/assets/react-dom-CWIgXKDx.js:1:1616)
    at MessagePort.se (https://railway.com/assets/react-dom-CWIgXKDx.js:1:1986)
[     980ms] Error: Minified React error #418; visit https://reactjs.org/docs/error-decoder.html?invariant=418 for the full message or use the non-minified dev environment for full errors and additional helpful warnings.
    at Va (https://railway.com/assets/react-dom-CWIgXKDx.js:6:4758)
    at Wl (https://railway.com/assets/react-dom-CWIgXKDx.js:8:45043)
    at Pl (https://railway.com/assets/react-dom-CWIgXKDx.js:8:39294)
    at Nl (https://railway.com/assets/react-dom-CWIgXKDx.js:8:39267)
    at vl (https://railway.com/assets/react-dom-CWIgXKDx.js:8:34357)
    at te (https://railway.com/assets/react-dom-CWIgXKDx.js:1:1616)
    at MessagePort.se (https://railway.com/assets/react-dom-CWIgXKDx.js:1:1986)
[     981ms] Error: Minified React error #418; visit https://reactjs.org/docs/error-decoder.html?invariant=418 for the full message or use the non-minified dev environment for full errors and additional helpful warnings.
    at Va (https://railway.com/assets/react-dom-CWIgXKDx.js:6:4758)
    at Wl (https://railway.com/assets/react-dom-CWIgXKDx.js:8:45043)
    at Pl (https://railway.com/assets/react-dom-CWIgXKDx.js:8:39294)
    at Nl (https://railway.com/assets/react-dom-CWIgXKDx.js:8:39267)
    at vl (https://railway.com/assets/react-dom-CWIgXKDx.js:8:34357)
    at te (https://railway.com/assets/react-dom-CWIgXKDx.js:1:1616)
    at MessagePort.se (https://railway.com/assets/react-dom-CWIgXKDx.js:1:1986)
[     981ms] Error: Minified React error #418; visit https://reactjs.org/docs/error-decoder.html?invariant=418 for the full message or use the non-minified dev environment for full errors and additional helpful warnings.
    at Va (https://railway.com/assets/react-dom-CWIgXKDx.js:6:4758)
    at Wl (https://railway.com/assets/react-dom-CWIgXKDx.js:8:45043)
    at Pl (https://railway.com/assets/react-dom-CWIgXKDx.js:8:39294)
    at Nl (https://railway.com/assets/react-dom-CWIgXKDx.js:8:39267)
    at vl (https://railway.com/assets/react-dom-CWIgXKDx.js:8:34357)
    at te (https://railway.com/assets/react-dom-CWIgXKDx.js:1:1616)
    at MessagePort.se (https://railway.com/assets/react-dom-CWIgXKDx.js:1:1986)
[     989ms] Error: Minified React error #418; visit https://reactjs.org/docs/error-decoder.html?invariant=418 for the full message or use the non-minified dev environment for full errors and additional helpful warnings.
    at Va (https://railway.com/assets/react-dom-CWIgXKDx.js:6:4758)
    at Wl (https://railway.com/assets/react-dom-CWIgXKDx.js:8:45043)
    at Pl (https://railway.com/assets/react-dom-CWIgXKDx.js:8:39294)
    at Nl (https://railway.com/assets/react-dom-CWIgXKDx.js:8:39267)
    at vl (https://railway.com/assets/react-dom-CWIgXKDx.js:8:34357)
    at te (https://railway.com/assets/react-dom-CWIgXKDx.js:1:1616)
    at MessagePort.se (https://railway.com/assets/react-dom-CWIgXKDx.js:1:1986)
[     989ms] Error: Minified React error #418; visit https://reactjs.org/docs/error-decoder.html?invariant=418 for the full message or use the non-minified dev environment for full errors and additional helpful warnings.
    at Va (https://railway.com/assets/react-dom-CWIgXKDx.js:6:4758)
    at Wl (https://railway.com/assets/react-dom-CWIgXKDx.js:8:45043)
    at Pl (https://railway.com/assets/react-dom-CWIgXKDx.js:8:39294)
    at Nl (https://railway.com/assets/react-dom-CWIgXKDx.js:8:39267)
    at vl (https://railway.com/assets/react-dom-CWIgXKDx.js:8:34357)
    at te (https://railway.com/assets/react-dom-CWIgXKDx.js:1:1616)
    at MessagePort.se (https://railway.com/assets/react-dom-CWIgXKDx.js:1:1986)
[     989ms] Error: Minified React error #418; visit https://reactjs.org/docs/error-decoder.html?invariant=418 for the full message or use the non-minified dev environment for full errors and additional helpful warnings.
    at Va (https://railway.com/assets/react-dom-CWIgXKDx.js:6:4758)
    at Wl (https://railway.com/assets/react-dom-CWIgXKDx.js:8:45043)
    at Pl (https://railway.com/assets/react-dom-CWIgXKDx.js:8:39294)
    at Nl (https://railway.com/assets/react-dom-CWIgXKDx.js:8:39267)
    at vl (https://railway.com/assets/react-dom-CWIgXKDx.js:8:34357)
    at te (https://railway.com/assets/react-dom-CWIgXKDx.js:1:1616)
    at MessagePort.se (https://railway.com/assets/react-dom-CWIgXKDx.js:1:1986)
[     989ms] Error: Minified React error #418; visit https://reactjs.org/docs/error-decoder.html?invariant=418 for the full message or use the non-minified dev environment for full errors and additional helpful warnings.
    at Va (https://railway.com/assets/react-dom-CWIgXKDx.js:6:4758)
    at Wl (https://railway.com/assets/react-dom-CWIgXKDx.js:8:45043)
    at Pl (https://railway.com/assets/react-dom-CWIgXKDx.js:8:39294)
    at Nl (https://railway.com/assets/react-dom-CWIgXKDx.js:8:39267)
    at vl (https://railway.com/assets/react-dom-CWIgXKDx.js:8:34357)
    at te (https://railway.com/assets/react-dom-CWIgXKDx.js:1:1616)
    at MessagePort.se (https://railway.com/assets/react-dom-CWIgXKDx.js:1:1986)
[     990ms] Error: Minified React error #418; visit https://reactjs.org/docs/error-decoder.html?invariant=418 for the full message or use the non-minified dev environment for full errors and additional helpful warnings.
    at Va (https://railway.com/assets/react-dom-CWIgXKDx.js:6:4758)
    at Wl (https://railway.com/assets/react-dom-CWIgXKDx.js:8:45043)
    at Pl (https://railway.com/assets/react-dom-CWIgXKDx.js:8:39294)
    at Nl (https://railway.com/assets/react-dom-CWIgXKDx.js:8:39267)
    at vl (https://railway.com/assets/react-dom-CWIgXKDx.js:8:34357)
    at te (https://railway.com/assets/react-dom-CWIgXKDx.js:1:1616)
    at MessagePort.se (https://railway.com/assets/react-dom-CWIgXKDx.js:1:1986)
[     991ms] Error: Minified React error #418; visit https://reactjs.org/docs/error-decoder.html?invariant=418 for the full message or use the non-minified dev environment for full errors and additional helpful warnings.
    at Va (https://railway.com/assets/react-dom-CWIgXKDx.js:6:4758)
    at Wl (https://railway.com/assets/react-dom-CWIgXKDx.js:8:45043)
    at Pl (https://railway.com/assets/react-dom-CWIgXKDx.js:8:39294)
    at Nl (https://railway.com/assets/react-dom-CWIgXKDx.js:8:39267)
    at vl (https://railway.com/assets/react-dom-CWIgXKDx.js:8:34357)
    at te (https://railway.com/assets/react-dom-CWIgXKDx.js:1:1616)
    at MessagePort.se (https://railway.com/assets/react-dom-CWIgXKDx.js:1:1986)
[     991ms] Error: Minified React error #418; visit https://reactjs.org/docs/error-decoder.html?invariant=418 for the full message or use the non-minified dev environment for full errors and additional helpful warnings.
    at Va (https://railway.com/assets/react-dom-CWIgXKDx.js:6:4758)
    at Wl (https://railway.com/assets/react-dom-CWIgXKDx.js:8:45043)
    at Pl (https://railway.com/assets/react-dom-CWIgXKDx.js:8:39294)
    at Nl (https://railway.com/assets/react-dom-CWIgXKDx.js:8:39267)
    at vl (https://railway.com/assets/react-dom-CWIgXKDx.js:8:34357)
    at te (https://railway.com/assets/react-dom-CWIgXKDx.js:1:1616)
    at MessagePort.se (https://railway.com/assets/react-dom-CWIgXKDx.js:1:1986)
[     991ms] Error: Minified React error #418; visit https://reactjs.org/docs/error-decoder.html?invariant=418 for the full message or use the non-minified dev environment for full errors and additional helpful warnings.
    at Va (https://railway.com/assets/react-dom-CWIgXKDx.js:6:4758)
    at Wl (https://railway.com/assets/react-dom-CWIgXKDx.js:8:45043)
    at Pl (https://railway.com/assets/react-dom-CWIgXKDx.js:8:39294)
    at Nl (https://railway.com/assets/react-dom-CWIgXKDx.js:8:39267)
    at vl (https://railway.com/assets/react-dom-CWIgXKDx.js:8:34357)
    at te (https://railway.com/assets/react-dom-CWIgXKDx.js:1:1616)
    at MessagePort.se (https://railway.com/assets/react-dom-CWIgXKDx.js:1:1986)
[     991ms] Error: Minified React error #418; visit https://reactjs.org/docs/error-decoder.html?invariant=418 for the full message or use the non-minified dev environment for full errors and additional helpful warnings.
    at Va (https://railway.com/assets/react-dom-CWIgXKDx.js:6:4758)
    at Wl (https://railway.com/assets/react-dom-CWIgXKDx.js:8:45043)
    at Pl (https://railway.com/assets/react-dom-CWIgXKDx.js:8:39294)
    at Nl (https://railway.com/assets/react-dom-CWIgXKDx.js:8:39267)
    at vl (https://railway.com/assets/react-dom-CWIgXKDx.js:8:34357)
    at te (https://railway.com/assets/react-dom-CWIgXKDx.js:1:1616)
    at MessagePort.se (https://railway.com/assets/react-dom-CWIgXKDx.js:1:1986)
[     992ms] Error: Minified React error #423; visit https://reactjs.org/docs/error-decoder.html?invariant=423 for the full message or use the non-minified dev environment for full errors and additional helpful warnings.
    at Wl (https://railway.com/assets/react-dom-CWIgXKDx.js:8:44706)
    at Pl (https://railway.com/assets/react-dom-CWIgXKDx.js:8:39294)
    at Ml (https://railway.com/assets/react-dom-CWIgXKDx.js:8:39225)
    at jl (https://railway.com/assets/react-dom-CWIgXKDx.js:8:39085)
    at yl (https://railway.com/assets/react-dom-CWIgXKDx.js:8:35523)
    at vl (https://railway.com/assets/react-dom-CWIgXKDx.js:8:34489)
    at te (https://railway.com/assets/react-dom-CWIgXKDx.js:1:1616)
    at MessagePort.se (https://railway.com/assets/react-dom-CWIgXKDx.js:1:1986)
