[    1763ms] [INFO] Banner not shown: beforeinstallpromptevent.preventDefault() called. The page must call beforeinstallpromptevent.prompt() to show the banner. @ https://www.instagram.com/nobel_swim_academy/:0
[    2208ms] [LOG] 
%cStop! font-family:helvetica; font-size:20px; font-size:50px; font-weight:bold; color:red; -webkit-text-stroke:1px black; @ https://static.cdninstagram.com/rsrc.php/v4/ym/r/t_lX-67hSLT.js:244
[    2208ms] [LOG] 
%cThis is a browser feature intended for developers. If someone told you to copy-paste something here to enable an Instagram feature or "hack" someone's account, it is a scam and will give them access to your Instagram account. font-family:helvetica; font-size:20px;  @ https://static.cdninstagram.com/rsrc.php/v4/ym/r/t_lX-67hSLT.js:244
[    2208ms] [LOG] 
%cSee https://www.facebook.com/selfxss for more information. font-family:helvetica; font-size:20px;  @ https://static.cdninstagram.com/rsrc.php/v4/ym/r/t_lX-67hSLT.js:244
[    2209ms] [LOG] 
%c  @ https://static.cdninstagram.com/rsrc.php/v4/ym/r/t_lX-67hSLT.js:244
[    3462ms] [ERROR] Failed to load resource: the server responded with a status of 400 () @ https://www.instagram.com/graphql/query/?doc_id=18113378221181848&variables=%7B%22include_chaining%22%3Afalse%2C%22include_highlight_reels%22%3Afalse%2C%22include_live_status%22%3Afalse%2C%22include_logged_out_extras%22%3Atrue%2C%22include_reel%22%3Afalse%2C%22include_suggested_users%22%3Afalse%2C%22user_id%22%3A%2280262474727%22%7D:0
[    3475ms] [ERROR] ErrorUtils caught an error:

 [Caught in: unexpected]

Subsequent non-fatal errors won't be logged; see https://fburl.com/debugjs. {clientTime: 1779544999, extra: Object, guardList: Array(0), hash: jywhoa, isNormalizedError: true} @ https://static.cdninstagram.com/rsrc.php/v4/ym/r/t_lX-67hSLT.js:78
[   18161ms] [LOG] 
%cانتبه! font-family:helvetica; font-size:20px; font-size:50px; font-weight:bold; color:red; -webkit-text-stroke:1px black; @ https://static.xx.fbcdn.net/rsrc.php/v4/yf/r/3eZiCoyW1Mb.js:354
[   18162ms] [LOG] 
%cميزة المتصفح هذه موجهة للمطورين. إذا طلب منك شخص ما نسخ ولصق أي شيء هنا لتمكين ميزة على فيسبوك أو "اختراق" حساب شخص آخر، فإن هذه محاولة احتيالية وستتيح له الوصول إلى حساب فيسبوك الخاص بك. font-family:helvetica; font-size:20px;  @ https://static.xx.fbcdn.net/rsrc.php/v4/yf/r/3eZiCoyW1Mb.js:354
[   18162ms] [LOG] 
%cيمكنك الاطلاع على https://www.facebook.com/selfxss للحصول على مزيد من المعلومات. font-family:helvetica; font-size:20px;  @ https://static.xx.fbcdn.net/rsrc.php/v4/yf/r/3eZiCoyW1Mb.js:354
[   18163ms] [LOG] 
%c  @ https://static.xx.fbcdn.net/rsrc.php/v4/yf/r/3eZiCoyW1Mb.js:354
[   38224ms] [LOG] 
%cانتبه! font-family:helvetica; font-size:20px; font-size:50px; font-weight:bold; color:red; -webkit-text-stroke:1px black; @ https://static.xx.fbcdn.net/rsrc.php/v4/ya/r/Me80Z13eYqn.js:244
[   38225ms] [LOG] 
%cميزة المتصفح هذه موجهة للمطورين. إذا طلب منك شخص ما نسخ ولصق أي شيء هنا لتمكين ميزة على فيسبوك أو "اختراق" حساب شخص آخر، فإن هذه محاولة احتيالية وستتيح له الوصول إلى حساب فيسبوك الخاص بك. font-family:helvetica; font-size:20px;  @ https://static.xx.fbcdn.net/rsrc.php/v4/ya/r/Me80Z13eYqn.js:244
[   38226ms] [LOG] 
%cيمكنك الاطلاع على https://www.facebook.com/selfxss للحصول على مزيد من المعلومات. font-family:helvetica; font-size:20px;  @ https://static.xx.fbcdn.net/rsrc.php/v4/ya/r/Me80Z13eYqn.js:244
[   38226ms] [LOG] 
%c  @ https://static.xx.fbcdn.net/rsrc.php/v4/ya/r/Me80Z13eYqn.js:244
[   44649ms] [WARNING] Canvas2D: Multiple readback operations using getImageData are faster with the willReadFrequently attribute set to true. See: https://html.spec.whatwg.org/multipage/canvas.html#concept-canvas-will-read-frequently @ https://static.xx.fbcdn.net/rsrc.php/v4iJH54/yY/l/ar_AR-j/tvMAsQ-0hmr.js:18
[   45010ms] [ERROR] Failed to load resource: net::ERR_FAILED @ chrome-extension://invalid/:0
[   45028ms] [ERROR] Failed to load resource: net::ERR_FAILED @ chrome-extension://invalid/:0
[   45042ms] [ERROR] Failed to load resource: net::ERR_FAILED @ chrome-extension://invalid/:0
[   45055ms] [ERROR] Failed to load resource: net::ERR_FAILED @ chrome-extension://invalid/:0
